Initial Population
 
 1: 1000001100000010011101   x = 0.535268    f = 2.248756168176
 2: 0101111011110110001111   x = 0.112834    f = 2.100102488444
 3: 1101010100000010110100   x = 1.496222    f = 1.257541726716
 4: 1011111010011010110111   x = 1.233651    f = 1.7117562101989998
 5: 0101101101010101000000   x = 0.070297    f = 2.065355331791
 6: 1110111110110111111100   x = 1.809201    f = 0.535992741599
 7: 0100100000100111011100   x = -0.154445   f = 1.8217017419750001
 8: 1000011001001100111011   x = 0.573833    f = 2.244548688111
 9: 1010110011010110101010   x = 1.025451    f = 1.973901246599
10: 1101011101110010110110   x = 1.524788    f = 1.199809555056
11: 1000011100101011010011   x = 0.584013    f = 2.242941815831
12: 0101001010100010110001   x = -0.031612   f = 1.967388681456
13: 0001110010100000010001   x = -0.664539   f = 0.8938489174790001
14: 1110011000010101100010   x = 1.696298    f = 0.8188710951959997
15: 1011010001010010010111   x = 1.113145    f = 1.874053208975
16: 1100111001000110000101   x = 1.41727     f = 1.4086157471
17: 0101101100110000101111   x = 0.068637    f = 2.063925962231
18: 1001000100010000000100   x = 0.699954    f = 2.2100183978840002
19: 0001100010010011001001   x = -0.712015   f = 0.7810196397750002
20: 1110100011011000101110   x = 1.72867     f = 0.7403700311000001

Selection probabilities:
 
Chromosome 1 with selection probability 0.06992288092452753
Chromosome 2 with selection probability 0.06530063966333982
Chromosome 3 with selection probability 0.03910203411964834
Chromosome 4 with selection probability 0.05322539070772102
Chromosome 5 with selection probability 0.06422021069932086
Chromosome 6 with selection probability 0.016666171805383878
Chromosome 7 with selection probability 0.056644039841563194
Chromosome 8 with selection probability 0.0697920534334279
Chromosome 9 with selection probability 0.06137653507123858
Chromosome 10 with selection probability 0.037306908520161546
Chromosome 11 with selection probability 0.06974208930628711
Chromosome 12 with selection probability 0.061174033206673785
Chromosome 13 with selection probability 0.02779336075022178
Chromosome 14 with selection probability 0.025461998455959776
Chromosome 15 with selection probability 0.05827185767484765
Chromosome 16 with selection probability 0.04379953351402169
Chromosome 17 with selection probability 0.06417576584622589
Chromosome 18 with selection probability 0.06871836771952042
Chromosome 19 with selection probability 0.024285044347871942
Chromosome 20 with selection probability 0.02302108439203727

Selection intervals: 
 
Interval 0 = ( 0, 0.06992288092452753 )
Interval 1 = ( 0.06992288092452753, 0.13522352058786735 )
Interval 2 = ( 0.13522352058786735, 0.1743255547075157 )
Interval 3 = ( 0.1743255547075157, 0.22755094541523674 )
Interval 4 = ( 0.22755094541523674, 0.2917711561145576 )
Interval 5 = ( 0.2917711561145576, 0.3084373279199415 )
Interval 6 = ( 0.3084373279199415, 0.3650813677615047 )
Interval 7 = ( 0.3650813677615047, 0.43487342119493255 )
Interval 8 = ( 0.43487342119493255, 0.49624995626617113 )
Interval 9 = ( 0.49624995626617113, 0.5335568647863327 )
Interval 10 = ( 0.5335568647863327, 0.6032989540926198 )
Interval 11 = ( 0.6032989540926198, 0.6644729872992936 )
Interval 12 = ( 0.6644729872992936, 0.6922663480495154 )
Interval 13 = ( 0.6922663480495154, 0.7177283465054751 )
Interval 14 = ( 0.7177283465054751, 0.7760002041803228 )
Interval 15 = ( 0.7760002041803228, 0.8197997376943444 )
Interval 16 = ( 0.8197997376943444, 0.8839755035405703 )
Interval 17 = ( 0.8839755035405703, 0.9526938712600908 )
Interval 18 = ( 0.9526938712600908, 0.9769789156079627 )
Interval 19 = ( 0.9769789156079627, 1.0 )

Selection process:
 
u = 0.7263594983935223 selected chromosome 14
u = 0.8018466875302335 selected chromosome 15
u = 0.7721420090572276 selected chromosome 14
u = 0.6365866594336728 selected chromosome 11
u = 0.052142730496172796 selected chromosome 0
u = 0.44662417260072584 selected chromosome 8
u = 0.5271125635869607 selected chromosome 9
u = 0.4256218558773943 selected chromosome 7
u = 0.644408195662729 selected chromosome 11
u = 0.7638321748939744 selected chromosome 14
u = 0.8584959356058681 selected chromosome 16
u = 0.0633420082745112 selected chromosome 0
u = 0.049494947968916514 selected chromosome 0
u = 0.8205029181623619 selected chromosome 16
u = 0.2658310207132931 selected chromosome 4
u = 0.13620229247376037 selected chromosome 2
u = 0.2504942310353959 selected chromosome 4
u = 0.4628706984657097 selected chromosome 8
u = 0.28549945695273504 selected chromosome 4
u = 0.3381718213742385 selected chromosome 6

After selection:
 
 1: 1000001100000010011101   x = 0.535268    f = 2.248756168176
 2: 1011010001010010010111   x = 1.113145    f = 1.874053208975
 3: 1110011000010101100010   x = 1.696298    f = 0.8188710951959997
 4: 1000011100101011010011   x = 0.584013    f = 2.242941815831
 5: 1110100011011000101110   x = 1.72867     f = 0.7403700311000001
 6: 1000011001001100111011   x = 0.573833    f = 2.244548688111
 7: 1010110011010110101010   x = 1.025451    f = 1.973901246599
 8: 0100100000100111011100   x = -0.154445   f = 1.8217017419750001
 9: 1000011100101011010011   x = 0.584013    f = 2.242941815831
10: 1110011000010101100010   x = 1.696298    f = 0.8188710951959997
11: 1100111001000110000101   x = 1.41727     f = 1.4086157471
12: 1110100011011000101110   x = 1.72867     f = 0.7403700311000001
13: 1110100011011000101110   x = 1.72867     f = 0.7403700311000001
14: 1100111001000110000101   x = 1.41727     f = 1.4086157471
15: 1011111010011010110111   x = 1.233651    f = 1.7117562101989998
16: 0101111011110110001111   x = 0.112834    f = 2.100102488444
17: 1011111010011010110111   x = 1.233651    f = 1.7117562101989998
18: 1000011001001100111011   x = 0.573833    f = 2.244548688111
19: 1011111010011010110111   x = 1.233651    f = 1.7117562101989998
20: 1110111110110111111100   x = 1.809201    f = 0.535992741599

Crossover probability: 0.25
 
 1: 1000001100000010011101   u = 0.12754395934825802 < 0.25 participant
 2: 1011010001010010010111   u = 0.5178176868850515
 3: 1110011000010101100010   u = 0.6209303779280854
 4: 1000011100101011010011   u = 0.6135916224427732
 5: 1110100011011000101110   u = 0.21595434926063084 < 0.25 participant
 6: 1000011001001100111011   u = 0.7008179736863871
 7: 1010110011010110101010   u = 0.6285556501480879
 8: 0100100000100111011100   u = 0.0010642207332299813 < 0.25 participant
 9: 1000011100101011010011   u = 0.1285076529821234   < 0.25 participant
10: 1110011000010101100010   u = 0.027822429043058428 < 0.25 participant
11: 1100111001000110000101   u = 0.8871191488760846
12: 1110100011011000101110   u = 0.9177029093351536
13: 1110100011011000101110   u = 0.8873267504051808
14: 1100111001000110000101   u = 0.2971450857175191
15: 1011111010011010110111   u = 0.2344605052033113 < 0.25 participant
16: 0101111011110110001111   u = 0.6721375018515732
17: 1011111010011010110111   u = 0.42905151376911865
18: 1000011001001100111011   u = 0.8225191119371633
19: 1011111010011010110111   u = 0.13185140483896218 < 0.25 participant
20: 1110111110110111111100   u = 0.8819973761245494

Crossing chromosomes: 8 and 15
Chromosome 8   0100100000100111011100
Chromosome 15   1011111010011010110111
Crossover point: 16
Crossover result: 0100100000100111110111  1011111010011010011100

Crossing chromosomes: 5 and 19
Chromosome 5   1110100011011000101110
Chromosome 19   1011111010011010011100
Crossover point: 14
Crossover result: 1110100011011010011100  1011111010011000101110

Crossing chromosomes: 10 and 1
Chromosome 10   1110011000010101100010
Chromosome 1   1000001100000010011101
Crossover point: 21
Crossover result: 1110011000010101100011  1000001100000010011100


After crossing:
 
 1: 1000001100000010011100   x = 0.535268    f = 2.248756168176
 2: 1011010001010010010111   x = 1.113145    f = 1.874053208975
 3: 1110011000010101100011   x = 1.696299    f = 0.8188687025989998
 4: 1000011100101011010011   x = 0.584013    f = 2.242941815831
 5: 1110100011011010011100   x = 1.728749    f = 0.7401758949989996
 6: 1000011001001100111011   x = 0.573833    f = 2.244548688111
 7: 1010110011010110101010   x = 1.025451    f = 1.973901246599
 8: 0100100000100111110111   x = -0.154425   f = 1.821727919375
 9: 1000011100101011010011   x = 0.584013    f = 2.242941815831
10: 1110011000010101100011   x = 1.696299    f = 0.8188687025989998
11: 1100111001000110000101   x = 1.41727     f = 1.4086157471
12: 1110100011011010011100   x = 1.728749    f = 0.7401758949989996
13: 1110100011011010011100   x = 1.728749    f = 0.7401758949989996
14: 1100111001000110000101   x = 1.41727     f = 1.4086157471
15: 1011111010011000101110   x = 1.233553    f = 1.7118999961910002
16: 0101111011110110001111   x = 0.112834    f = 2.100102488444
17: 1011111010011000101110   x = 1.233553    f = 1.7118999961910002
18: 1000011001001100111011   x = 0.573833    f = 2.244548688111
19: 1011111010011000101110   x = 1.233553    f = 1.7118999961910002
20: 1110111110110111111100   x = 1.809201    f = 0.535992741599

Mutation probability for each genome: 0.1
 
The following chromosomes have been modified: 
18

After mutation: 
 
 1: 1000001100000010011100   x = 0.535268    f = 2.248756168176
 2: 1011010001010010010111   x = 1.113145    f = 1.874053208975
 3: 1110011000010101100011   x = 1.696299    f = 0.8188687025989998
 4: 1000011100101011010011   x = 0.584013    f = 2.242941815831
 5: 1110100011011010011100   x = 1.728749    f = 0.7401758949989996
 6: 1000011001001100111010   x = 0.573833    f = 2.244548688111
 7: 1010110011010110101010   x = 1.025451    f = 1.973901246599
 8: 0100100000100111110111   x = -0.154425   f = 1.821727919375
 9: 1000011100101011010011   x = 0.584013    f = 2.242941815831
10: 1110011000010101100011   x = 1.696299    f = 0.8188687025989998
11: 1100111001000110000101   x = 1.41727     f = 1.4086157471
12: 1110100011011010011100   x = 1.728749    f = 0.7401758949989996
13: 1110100011011010011100   x = 1.728749    f = 0.7401758949989996
14: 1100111001000110000101   x = 1.41727     f = 1.4086157471
15: 1011111010011000101110   x = 1.233553    f = 1.7118999961910002
16: 0101111011110110001111   x = 0.112834    f = 2.100102488444
17: 1011111010011000101110   x = 1.233553    f = 1.7118999961910002
18: 1000011001001100111010   x = 0.573833    f = 2.244548688111
19: 1011111010011000101110   x = 1.233553    f = 1.7118999961910002
20: 1110111110110111111100   x = 1.809201    f = 0.535992741599

Max and average performance evolution:
 
Max fitness = 2.248756168176     Mean fitness = 1.5670355677010002
Max fitness = 2.248756168176     Mean fitness = 1.52572053266495
Max fitness = 2.248757014464     Mean fitness = 1.4868913305473503
Max fitness = 2.248756168176     Mean fitness = 1.0541782326950497
Max fitness = 2.248756168176     Mean fitness = 0.8905676353118501
Max fitness = 2.248756168176     Mean fitness = 0.8907835424626004
Max fitness = 2.248756168176     Mean fitness = 1.6048417201696004
Max fitness = 2.248756168176     Mean fitness = 1.3867628442277504
Max fitness = 2.248756168176     Mean fitness = 2.1344859852718505
Max fitness = 2.248756168176     Mean fitness = 2.1634987339322507
Max fitness = 2.248756168176     Mean fitness = 1.1992824589322504
Max fitness = 2.248756168176     Mean fitness = 1.2014832353618496
Max fitness = 2.248704           Mean fitness = 2.1384796254975007
Max fitness = 2.249842171031     Mean fitness = 1.2248419405515505
Max fitness = 2.2498422464       Mean fitness = 1.2252050766368001
Max fitness = 2.249844548976     Mean fitness = 2.1706566118742496
Max fitness = 2.248710687351     Mean fitness = 2.248710687351
Max fitness = 2.249412713244     Mean fitness = 2.2494127132439994
Max fitness = 2.249339561399     Mean fitness = 2.249339561399
Max fitness = 2.203278312896     Mean fitness = 2.2032783128960007